<?xml version="1.0" encoding="UTF-8"?>
<!-- Generated by org.testng.reporters.JUnitReportReporter -->
<testsuite hostname="DESKTOP-E9GJR29" failures="0" tests="2" name="test.day1" time="0.007" errors="0" timestamp="2024-07-10T02:25:19 IST" skipped="0">
  <testcase classname="test.day1" name="Demo" time="0.006"/>
  <system-out/>
  <testcase classname="test.day1" name="secondDemo" time="0.001"/>
  <system-out/>
</testsuite> <!-- test.day1 -->
