<?xml version="1.0" encoding="UTF-8"?>
<!-- Generated by org.testng.reporters.JUnitReportReporter -->
<testsuite hostname="DESKTOP-E9GJR29" failures="0" tests="3" name="test.day2" time="0.007" errors="0" timestamp="2024-07-10T13:08:27 IST" skipped="0">
  <testcase classname="test.day2" name="ploan" time="0.005"/>
  <system-out/>
  <testcase classname="test.day2" name="secondDemo" time="0.001"/>
  <system-out/>
  <testcase classname="test.day2" name="seco1nDemo" time="0.001"/>
  <system-out/>
</testsuite> <!-- test.day2 -->
