<?xml version="1.0" encoding="UTF-8"?>
<!-- Generated by org.testng.reporters.JUnitReportReporter -->
<testsuite hostname="DESKTOP-E9GJR29" failures="0" tests="2" name="test.day4" time="0.005" errors="0" timestamp="2024-07-10T12:59:03 IST" skipped="0">
  <testcase classname="test.day4" name="LoginAPIHome" time="0.002"/>
  <system-out/>
  <testcase classname="test.day4" name="WebLoginhome" time="0.003"/>
  <system-out/>
</testsuite> <!-- test.day4 -->
