<?xml version="1.0" encoding="UTF-8"?>
<!-- Generated by org.testng.reporters.JUnitReportReporter -->
<testsuite hostname="DESKTOP-E9GJR29" failures="0" tests="4" name="test.day3" time="0.005" errors="0" timestamp="2024-07-10T02:31:11 IST" skipped="0">
  <testcase classname="test.day3" name="MobileLogin1" time="0.002"/>
  <system-out/>
  <testcase classname="test.day3" name="LoginAPI" time="0.001"/>
  <system-out/>
  <testcase classname="test.day3" name="WebLogin" time="0.001"/>
  <system-out/>
  <testcase classname="test.day3" name="MobileLogin" time="0.001"/>
  <system-out/>
</testsuite> <!-- test.day3 -->
